06:59:46.951 INFO  i.c.s.n.SocialNetworkApplication - Starting SocialNetworkApplication v1.0.0 on dockervm with PID 5472 (/root/SpringBootYashSocialApp/web.social.network/target/social-network.jar started by root in /root/SpringBootYashSocialApp/web.social.network/target)
06:59:46.967 DEBUG i.c.s.n.SocialNetworkApplication - Running with Spring Boot v2.1.7.RELEASE, Spring v5.1.9.RELEASE
06:59:46.967 INFO  i.c.s.n.SocialNetworkApplication - The following profiles are active: prod
06:59:48.428 WARN  o.s.b.w.s.c.AnnotationConfigServletWebServerApplicationContext - Exception encountered during context initialization - cancelling refresh attempt: org.springframework.beans.factory.BeanDefinitionStoreException: Failed to process import candidates for configuration class [info.cheremisin.social.network.SocialNetworkApplication]; nested exception is java.lang.IllegalStateException: Error processing condition on org.springframework.boot.actuate.autoconfigure.web.server.ManagementContextAutoConfiguration$DifferentManagementContextConfiguration
06:59:48.451 INFO  o.s.b.a.l.ConditionEvaluationReportLoggingListener - 

Error starting ApplicationContext. To display the conditions report re-run your application with 'debug' enabled.
06:59:48.455 ERROR o.s.boot.SpringApplication - Application run failed
org.springframework.beans.factory.BeanDefinitionStoreException: Failed to process import candidates for configuration class [info.cheremisin.social.network.SocialNetworkApplication]; nested exception is java.lang.IllegalStateException: Error processing condition on org.springframework.boot.actuate.autoconfigure.web.server.ManagementContextAutoConfiguration$DifferentManagementContextConfiguration
	at org.springframework.context.annotation.ConfigurationClassParser.processImports(ConfigurationClassParser.java:596)
	at org.springframework.context.annotation.ConfigurationClassParser.access$900(ConfigurationClassParser.java:108)
	at org.springframework.context.annotation.ConfigurationClassParser$DeferredImportSelectorGroupingHandler.lambda$processGroupImports$1(ConfigurationClassParser.java:805)
	at java.base/java.util.ArrayList.forEach(ArrayList.java:1541)
	at org.springframework.context.annotation.ConfigurationClassParser$DeferredImportSelectorGroupingHandler.processGroupImports(ConfigurationClassParser.java:801)
	at org.springframework.context.annotation.ConfigurationClassParser$DeferredImportSelectorHandler.process(ConfigurationClassParser.java:771)
	at org.springframework.context.annotation.ConfigurationClassParser.parse(ConfigurationClassParser.java:185)
	at org.springframework.context.annotation.ConfigurationClassPostProcessor.processConfigBeanDefinitions(ConfigurationClassPostProcessor.java:315)
	at org.springframework.context.annotation.ConfigurationClassPostProcessor.postProcessBeanDefinitionRegistry(ConfigurationClassPostProcessor.java:232)
	at org.springframework.context.support.PostProcessorRegistrationDelegate.invokeBeanDefinitionRegistryPostProcessors(PostProcessorRegistrationDelegate.java:275)
	at org.springframework.context.support.PostProcessorRegistrationDelegate.invokeBeanFactoryPostProcessors(PostProcessorRegistrationDelegate.java:95)
	at org.springframework.context.support.AbstractApplicationContext.invokeBeanFactoryPostProcessors(AbstractApplicationContext.java:705)
	at org.springframework.context.support.AbstractApplicationContext.refresh(AbstractApplicationContext.java:531)
	at org.springframework.boot.web.servlet.context.ServletWebServerApplicationContext.refresh(ServletWebServerApplicationContext.java:141)
	at org.springframework.boot.SpringApplication.refresh(SpringApplication.java:743)
	at org.springframework.boot.SpringApplication.refreshContext(SpringApplication.java:390)
	at org.springframework.boot.SpringApplication.run(SpringApplication.java:312)
	at org.springframework.boot.SpringApplication.run(SpringApplication.java:1214)
	at org.springframework.boot.SpringApplication.run(SpringApplication.java:1203)
	at info.cheremisin.social.network.SocialNetworkApplication.main(SocialNetworkApplication.java:10)
	at java.base/jdk.internal.reflect.NativeMethodAccessorImpl.invoke0(Native Method)
	at java.base/jdk.internal.reflect.NativeMethodAccessorImpl.invoke(NativeMethodAccessorImpl.java:62)
	at java.base/jdk.internal.reflect.DelegatingMethodAccessorImpl.invoke(DelegatingMethodAccessorImpl.java:43)
	at java.base/java.lang.reflect.Method.invoke(Method.java:566)
	at org.springframework.boot.loader.MainMethodRunner.run(MainMethodRunner.java:48)
	at org.springframework.boot.loader.Launcher.launch(Launcher.java:87)
	at org.springframework.boot.loader.Launcher.launch(Launcher.java:51)
	at org.springframework.boot.loader.JarLauncher.main(JarLauncher.java:52)
Caused by: java.lang.IllegalStateException: Error processing condition on org.springframework.boot.actuate.autoconfigure.web.server.ManagementContextAutoConfiguration$DifferentManagementContextConfiguration
	at org.springframework.boot.autoconfigure.condition.SpringBootCondition.matches(SpringBootCondition.java:60)
	at org.springframework.context.annotation.ConditionEvaluator.shouldSkip(ConditionEvaluator.java:108)
	at org.springframework.context.annotation.ConfigurationClassParser.processConfigurationClass(ConfigurationClassParser.java:218)
	at org.springframework.context.annotation.ConfigurationClassParser.processMemberClasses(ConfigurationClassParser.java:361)
	at org.springframework.context.annotation.ConfigurationClassParser.doProcessConfigurationClass(ConfigurationClassParser.java:263)
	at org.springframework.context.annotation.ConfigurationClassParser.processConfigurationClass(ConfigurationClassParser.java:242)
	at org.springframework.context.annotation.ConfigurationClassParser.processImports(ConfigurationClassParser.java:586)
	... 27 common frames omitted
Caused by: java.lang.IllegalArgumentException: Could not resolve placeholder 'PORT' in value "${PORT}"
	at org.springframework.util.PropertyPlaceholderHelper.parseStringValue(PropertyPlaceholderHelper.java:178)
	at org.springframework.util.PropertyPlaceholderHelper.replacePlaceholders(PropertyPlaceholderHelper.java:124)
	at org.springframework.core.env.AbstractPropertyResolver.doResolvePlaceholders(AbstractPropertyResolver.java:237)
	at org.springframework.core.env.AbstractPropertyResolver.resolveRequiredPlaceholders(AbstractPropertyResolver.java:211)
	at org.springframework.core.env.AbstractPropertyResolver.resolveNestedPlaceholders(AbstractPropertyResolver.java:228)
	at org.springframework.core.env.PropertySourcesPropertyResolver.getProperty(PropertySourcesPropertyResolver.java:88)
	at org.springframework.core.env.PropertySourcesPropertyResolver.getProperty(PropertySourcesPropertyResolver.java:68)
	at org.springframework.core.env.AbstractEnvironment.getProperty(AbstractEnvironment.java:550)
	at org.springframework.boot.actuate.autoconfigure.web.server.ManagementPortType.getPortProperty(ManagementPortType.java:64)
	at org.springframework.boot.actuate.autoconfigure.web.server.ManagementPortType.get(ManagementPortType.java:54)
	at org.springframework.boot.actuate.autoconfigure.web.server.OnManagementPortCondition.getMatchOutcome(OnManagementPortCondition.java:49)
	at org.springframework.boot.autoconfigure.condition.SpringBootCondition.matches(SpringBootCondition.java:47)
	... 33 common frames omitted
07:00:28.620 INFO  i.c.s.n.SocialNetworkApplication - Starting SocialNetworkApplication v1.0.0 on dockervm with PID 5499 (/root/SpringBootYashSocialApp/web.social.network/target/social-network.jar started by root in /root/SpringBootYashSocialApp/web.social.network/target)
07:00:28.632 DEBUG i.c.s.n.SocialNetworkApplication - Running with Spring Boot v2.1.7.RELEASE, Spring v5.1.9.RELEASE
07:00:28.632 INFO  i.c.s.n.SocialNetworkApplication - The following profiles are active: dev
07:00:30.590 INFO  o.s.d.r.c.RepositoryConfigurationDelegate - Bootstrapping Spring Data repositories in DEFAULT mode.
07:00:30.686 INFO  o.s.d.r.c.RepositoryConfigurationDelegate - Finished Spring Data repository scanning in 86ms. Found 4 repository interfaces.
07:00:31.519 INFO  o.s.c.s.PostProcessorRegistrationDelegate$BeanPostProcessorChecker - Bean 'org.springframework.transaction.annotation.ProxyTransactionManagementConfiguration' of type [org.springframework.transaction.annotation.ProxyTransactionManagementConfiguration$$EnhancerBySpringCGLIB$$747fe0f5] is not eligible for getting processed by all BeanPostProcessors (for example: not eligible for auto-proxying)
07:00:31.997 INFO  o.s.b.w.e.tomcat.TomcatWebServer - Tomcat initialized with port(s): 8080 (http)
07:00:32.033 INFO  o.a.coyote.http11.Http11NioProtocol - Initializing ProtocolHandler ["http-nio-8080"]
07:00:32.051 INFO  o.a.catalina.core.StandardService - Starting service [Tomcat]
07:00:32.052 INFO  o.a.catalina.core.StandardEngine - Starting Servlet engine: [Apache Tomcat/9.0.22]
07:00:32.167 INFO  o.a.c.c.C.[Tomcat].[localhost].[/] - Initializing Spring embedded WebApplicationContext
07:00:32.168 INFO  o.s.web.context.ContextLoader - Root WebApplicationContext: initialization completed in 3430 ms
07:00:32.969 INFO  com.zaxxer.hikari.HikariDataSource - HikariPool-1 - Starting...
07:00:33.219 INFO  com.zaxxer.hikari.HikariDataSource - HikariPool-1 - Start completed.
07:00:33.305 INFO  o.h.jpa.internal.util.LogHelper - HHH000204: Processing PersistenceUnitInfo [
	name: default
	...]
07:00:33.404 INFO  org.hibernate.Version - HHH000412: Hibernate Core {5.3.10.Final}
07:00:33.406 INFO  org.hibernate.cfg.Environment - HHH000206: hibernate.properties not found
07:00:33.638 INFO  o.h.annotations.common.Version - HCANN000001: Hibernate Commons Annotations {5.0.4.Final}
07:00:33.965 INFO  org.hibernate.dialect.Dialect - HHH000400: Using dialect: org.hibernate.dialect.H2Dialect
07:00:34.795 DEBUG org.hibernate.SQL - drop table friendship if exists
07:00:34.797 DEBUG org.hibernate.SQL - drop table messages if exists
07:00:34.798 DEBUG org.hibernate.SQL - drop table role if exists
07:00:34.798 DEBUG org.hibernate.SQL - drop table user if exists
07:00:34.799 DEBUG org.hibernate.SQL - drop table user_role if exists
07:00:34.801 DEBUG org.hibernate.SQL - create table friendship (id bigint generated by default as identity, accepted boolean, user_receiver bigint, user_sender bigint, primary key (id))
07:00:34.809 DEBUG org.hibernate.SQL - create table messages (id integer generated by default as identity, message varchar(255), time timestamp, receiver bigint, sender bigint, primary key (id))
07:00:34.811 DEBUG org.hibernate.SQL - create table role (id bigint generated by default as identity, name varchar(255), primary key (id))
07:00:34.813 DEBUG org.hibernate.SQL - create table user (id bigint generated by default as identity, date_of_birth date, username varchar(255), first_name varchar(255), image varchar(255), last_name varchar(255), password varchar(255), phone varchar(255), sex integer, primary key (id))
07:00:34.815 DEBUG org.hibernate.SQL - create table user_role (user_id bigint not null, role_id bigint not null)
07:00:34.816 DEBUG org.hibernate.SQL - alter table user add constraint UK_sb8bbouer5wak8vyiiy4pf2bx unique (username)
07:00:34.819 DEBUG org.hibernate.SQL - alter table friendship add constraint FKlf0nqje9k08cimvk4tsnb2bgg foreign key (user_receiver) references user
07:00:34.825 DEBUG org.hibernate.SQL - alter table friendship add constraint FKngs34a7uptf3lmnefiigk1ktd foreign key (user_sender) references user
07:00:34.827 DEBUG org.hibernate.SQL - alter table messages add constraint FK8q4vrb5gjo5j0t8gv51qj3se9 foreign key (receiver) references user
07:00:34.830 DEBUG org.hibernate.SQL - alter table messages add constraint FKelhs6sn3e7n5nhphoiht9jqes foreign key (sender) references user
07:00:34.832 DEBUG org.hibernate.SQL - alter table user_role add constraint FKa68196081fvovjhkek5m97n3y foreign key (role_id) references role
07:00:34.834 DEBUG org.hibernate.SQL - alter table user_role add constraint FK859n2jvi8ivhui0rl0esws6o foreign key (user_id) references user
07:00:34.839 INFO  o.h.t.s.internal.SchemaCreatorImpl - HHH000476: Executing import script 'org.hibernate.tool.schema.internal.exec.ScriptSourceInputNonExistentImpl@38ed139b'
07:00:34.842 INFO  o.s.o.j.LocalContainerEntityManagerFactoryBean - Initialized JPA EntityManagerFactory for persistence unit 'default'
07:00:36.218 INFO  o.s.s.web.DefaultSecurityFilterChain - Creating filter chain: any request, [org.springframework.security.web.context.request.async.WebAsyncManagerIntegrationFilter@60e3c26e, org.springframework.security.web.context.SecurityContextPersistenceFilter@726934e2, org.springframework.security.web.header.HeaderWriterFilter@b0fd744, org.springframework.security.web.csrf.CsrfFilter@45ab3bdd, org.springframework.security.web.authentication.logout.LogoutFilter@2ceee4b6, org.springframework.security.web.authentication.UsernamePasswordAuthenticationFilter@4fa4f485, org.springframework.security.web.savedrequest.RequestCacheAwareFilter@e280403, org.springframework.security.web.servletapi.SecurityContextHolderAwareRequestFilter@6968c1d6, org.springframework.security.web.authentication.AnonymousAuthenticationFilter@80b122b, org.springframework.security.web.session.SessionManagementFilter@6a1ef65c, org.springframework.security.web.access.ExceptionTranslationFilter@5416f8db, org.springframework.security.web.access.intercept.FilterSecurityInterceptor@1d06f16f]
07:00:36.441 INFO  o.s.s.c.ThreadPoolTaskExecutor - Initializing ExecutorService 'applicationTaskExecutor'
07:00:36.547 WARN  o.s.b.a.o.j.JpaBaseConfiguration$JpaWebConfiguration$JpaWebMvcConfiguration - spring.jpa.open-in-view is enabled by default. Therefore, database queries may be performed during view rendering. Explicitly configure spring.jpa.open-in-view to disable this warning
07:00:36.685 INFO  o.s.b.a.w.s.WelcomePageHandlerMapping - Adding welcome page template: index
07:00:37.220 INFO  o.s.b.a.e.web.EndpointLinksResolver - Exposing 9 endpoint(s) beneath base path ''
07:00:37.394 INFO  o.a.coyote.http11.Http11NioProtocol - Starting ProtocolHandler ["http-nio-8080"]
07:00:37.428 INFO  o.s.b.w.e.tomcat.TomcatWebServer - Tomcat started on port(s): 8080 (http) with context path ''
07:00:37.435 INFO  i.c.s.n.SocialNetworkApplication - Started SocialNetworkApplication in 10.123 seconds (JVM running for 10.752)
07:00:44.515 INFO  o.a.c.c.C.[Tomcat].[localhost].[/] - Initializing Spring DispatcherServlet 'dispatcherServlet'
07:00:44.517 INFO  o.s.web.servlet.DispatcherServlet - Initializing Servlet 'dispatcherServlet'
07:00:44.538 INFO  o.s.web.servlet.DispatcherServlet - Completed initialization in 14 ms
07:00:58.192 DEBUG org.hibernate.SQL - select user0_.id as id1_3_, user0_.date_of_birth as date_of_2_3_, user0_.username as username3_3_, user0_.first_name as first_na4_3_, user0_.image as image5_3_, user0_.last_name as last_nam6_3_, user0_.password as password7_3_, user0_.phone as phone8_3_, user0_.sex as sex9_3_ from user user0_ where user0_.username=?
07:00:58.226 DEBUG org.hibernate.SQL - select roles0_.user_id as user_id1_4_0_, roles0_.role_id as role_id2_4_0_, role1_.id as id1_2_1_, role1_.name as name2_2_1_ from user_role roles0_ inner join role role1_ on roles0_.role_id=role1_.id where roles0_.user_id=?
07:00:58.260 DEBUG org.hibernate.SQL - select user0_.id as id1_3_, user0_.date_of_birth as date_of_2_3_, user0_.username as username3_3_, user0_.first_name as first_na4_3_, user0_.image as image5_3_, user0_.last_name as last_nam6_3_, user0_.password as password7_3_, user0_.phone as phone8_3_, user0_.sex as sex9_3_ from user user0_ where user0_.username=?
07:00:58.261 DEBUG org.hibernate.SQL - select roles0_.user_id as user_id1_4_0_, roles0_.role_id as role_id2_4_0_, role1_.id as id1_2_1_, role1_.name as name2_2_1_ from user_role roles0_ inner join role role1_ on roles0_.role_id=role1_.id where roles0_.user_id=?
07:00:58.562 DEBUG org.hibernate.SQL - select message0_.id as id1_1_, message0_.message as message2_1_, message0_.receiver as receiver4_1_, message0_.sender as sender5_1_, message0_.time as time3_1_ from messages message0_ left outer join user user1_ on message0_.sender=user1_.id left outer join user user2_ on message0_.receiver=user2_.id where user1_.id=? or user2_.id=? order by message0_.id desc limit ?
07:00:58.567 DEBUG org.hibernate.SQL - select user0_.id as id1_3_0_, user0_.date_of_birth as date_of_2_3_0_, user0_.username as username3_3_0_, user0_.first_name as first_na4_3_0_, user0_.image as image5_3_0_, user0_.last_name as last_nam6_3_0_, user0_.password as password7_3_0_, user0_.phone as phone8_3_0_, user0_.sex as sex9_3_0_, roles1_.user_id as user_id1_4_1_, role2_.id as role_id2_4_1_, role2_.id as id1_2_2_, role2_.name as name2_2_2_ from user user0_ left outer join user_role roles1_ on user0_.id=roles1_.user_id left outer join role role2_ on roles1_.role_id=role2_.id where user0_.id=?
07:00:58.571 DEBUG org.hibernate.SQL - select user0_.id as id1_3_0_, user0_.date_of_birth as date_of_2_3_0_, user0_.username as username3_3_0_, user0_.first_name as first_na4_3_0_, user0_.image as image5_3_0_, user0_.last_name as last_nam6_3_0_, user0_.password as password7_3_0_, user0_.phone as phone8_3_0_, user0_.sex as sex9_3_0_, roles1_.user_id as user_id1_4_1_, role2_.id as role_id2_4_1_, role2_.id as id1_2_2_, role2_.name as name2_2_2_ from user user0_ left outer join user_role roles1_ on user0_.id=roles1_.user_id left outer join role role2_ on roles1_.role_id=role2_.id where user0_.id=?
07:00:58.587 DEBUG org.hibernate.SQL - select friendship0_.id as id1_0_, friendship0_.accepted as accepted2_0_, friendship0_.user_receiver as user_rec3_0_, friendship0_.user_sender as user_sen4_0_ from friendship friendship0_ where (friendship0_.user_sender=? or friendship0_.user_receiver=?) and friendship0_.accepted=1
07:00:58.592 DEBUG org.hibernate.SQL - select user0_.id as id1_3_0_, user0_.date_of_birth as date_of_2_3_0_, user0_.username as username3_3_0_, user0_.first_name as first_na4_3_0_, user0_.image as image5_3_0_, user0_.last_name as last_nam6_3_0_, user0_.password as password7_3_0_, user0_.phone as phone8_3_0_, user0_.sex as sex9_3_0_, roles1_.user_id as user_id1_4_1_, role2_.id as role_id2_4_1_, role2_.id as id1_2_2_, role2_.name as name2_2_2_ from user user0_ left outer join user_role roles1_ on user0_.id=roles1_.user_id left outer join role role2_ on roles1_.role_id=role2_.id where user0_.id=?
07:01:15.550 DEBUG org.hibernate.SQL - select user0_.id as id1_3_0_, user0_.date_of_birth as date_of_2_3_0_, user0_.username as username3_3_0_, user0_.first_name as first_na4_3_0_, user0_.image as image5_3_0_, user0_.last_name as last_nam6_3_0_, user0_.password as password7_3_0_, user0_.phone as phone8_3_0_, user0_.sex as sex9_3_0_, roles1_.user_id as user_id1_4_1_, role2_.id as role_id2_4_1_, role2_.id as id1_2_2_, role2_.name as name2_2_2_ from user user0_ left outer join user_role roles1_ on user0_.id=roles1_.user_id left outer join role role2_ on roles1_.role_id=role2_.id where user0_.id=?
07:01:15.554 DEBUG org.hibernate.SQL - select message0_.id as id1_1_, message0_.message as message2_1_, message0_.receiver as receiver4_1_, message0_.sender as sender5_1_, message0_.time as time3_1_ from messages message0_ where message0_.sender=? and message0_.receiver=? or message0_.sender=? and message0_.receiver=? order by message0_.time
07:01:15.560 DEBUG org.hibernate.SQL - select user0_.id as id1_3_0_, user0_.date_of_birth as date_of_2_3_0_, user0_.username as username3_3_0_, user0_.first_name as first_na4_3_0_, user0_.image as image5_3_0_, user0_.last_name as last_nam6_3_0_, user0_.password as password7_3_0_, user0_.phone as phone8_3_0_, user0_.sex as sex9_3_0_, roles1_.user_id as user_id1_4_1_, role2_.id as role_id2_4_1_, role2_.id as id1_2_2_, role2_.name as name2_2_2_ from user user0_ left outer join user_role roles1_ on user0_.id=roles1_.user_id left outer join role role2_ on roles1_.role_id=role2_.id where user0_.id=?
07:01:22.503 DEBUG org.hibernate.SQL - select message0_.id as id1_1_, message0_.message as message2_1_, message0_.receiver as receiver4_1_, message0_.sender as sender5_1_, message0_.time as time3_1_ from messages message0_ left outer join user user1_ on message0_.sender=user1_.id left outer join user user2_ on message0_.receiver=user2_.id where user1_.id=? or user2_.id=? order by message0_.id desc limit ?
07:01:22.504 DEBUG org.hibernate.SQL - select user0_.id as id1_3_0_, user0_.date_of_birth as date_of_2_3_0_, user0_.username as username3_3_0_, user0_.first_name as first_na4_3_0_, user0_.image as image5_3_0_, user0_.last_name as last_nam6_3_0_, user0_.password as password7_3_0_, user0_.phone as phone8_3_0_, user0_.sex as sex9_3_0_, roles1_.user_id as user_id1_4_1_, role2_.id as role_id2_4_1_, role2_.id as id1_2_2_, role2_.name as name2_2_2_ from user user0_ left outer join user_role roles1_ on user0_.id=roles1_.user_id left outer join role role2_ on roles1_.role_id=role2_.id where user0_.id=?
07:01:22.506 DEBUG org.hibernate.SQL - select user0_.id as id1_3_0_, user0_.date_of_birth as date_of_2_3_0_, user0_.username as username3_3_0_, user0_.first_name as first_na4_3_0_, user0_.image as image5_3_0_, user0_.last_name as last_nam6_3_0_, user0_.password as password7_3_0_, user0_.phone as phone8_3_0_, user0_.sex as sex9_3_0_, roles1_.user_id as user_id1_4_1_, role2_.id as role_id2_4_1_, role2_.id as id1_2_2_, role2_.name as name2_2_2_ from user user0_ left outer join user_role roles1_ on user0_.id=roles1_.user_id left outer join role role2_ on roles1_.role_id=role2_.id where user0_.id=?
07:01:22.509 DEBUG org.hibernate.SQL - select friendship0_.id as id1_0_, friendship0_.accepted as accepted2_0_, friendship0_.user_receiver as user_rec3_0_, friendship0_.user_sender as user_sen4_0_ from friendship friendship0_ where (friendship0_.user_sender=? or friendship0_.user_receiver=?) and friendship0_.accepted=1
07:01:22.510 DEBUG org.hibernate.SQL - select user0_.id as id1_3_0_, user0_.date_of_birth as date_of_2_3_0_, user0_.username as username3_3_0_, user0_.first_name as first_na4_3_0_, user0_.image as image5_3_0_, user0_.last_name as last_nam6_3_0_, user0_.password as password7_3_0_, user0_.phone as phone8_3_0_, user0_.sex as sex9_3_0_, roles1_.user_id as user_id1_4_1_, role2_.id as role_id2_4_1_, role2_.id as id1_2_2_, role2_.name as name2_2_2_ from user user0_ left outer join user_role roles1_ on user0_.id=roles1_.user_id left outer join role role2_ on roles1_.role_id=role2_.id where user0_.id=?
07:43:26.931 INFO  o.a.coyote.http11.Http11Processor - Error parsing HTTP request header
 Note: further occurrences of HTTP request parsing errors will be logged at DEBUG level.
java.lang.IllegalArgumentException: Invalid character found in the HTTP protocol
	at org.apache.coyote.http11.Http11InputBuffer.parseRequestLine(Http11InputBuffer.java:532)
	at org.apache.coyote.http11.Http11Processor.service(Http11Processor.java:294)
	at org.apache.coyote.AbstractProcessorLight.process(AbstractProcessorLight.java:66)
	at org.apache.coyote.AbstractProtocol$ConnectionHandler.process(AbstractProtocol.java:853)
	at org.apache.tomcat.util.net.NioEndpoint$SocketProcessor.doRun(NioEndpoint.java:1587)
	at org.apache.tomcat.util.net.SocketProcessorBase.run(SocketProcessorBase.java:49)
	at java.base/java.util.concurrent.ThreadPoolExecutor.runWorker(ThreadPoolExecutor.java:1128)
	at java.base/java.util.concurrent.ThreadPoolExecutor$Worker.run(ThreadPoolExecutor.java:628)
	at org.apache.tomcat.util.threads.TaskThread$WrappingRunnable.run(TaskThread.java:61)
	at java.base/java.lang.Thread.run(Thread.java:829)
07:43:26.946 ERROR o.a.c.c.C.[.[.[.[dispatcherServlet] - Servlet.service() for servlet [dispatcherServlet] in context with path [] threw exception
org.springframework.security.web.firewall.RequestRejectedException: The request was rejected because the URL contained a potentially malicious String "%2e"
	at org.springframework.security.web.firewall.StrictHttpFirewall.rejectedBlacklistedUrls(StrictHttpFirewall.java:325)
	at org.springframework.security.web.firewall.StrictHttpFirewall.getFirewalledRequest(StrictHttpFirewall.java:293)
	at org.springframework.security.web.FilterChainProxy.doFilterInternal(FilterChainProxy.java:194)
	at org.springframework.security.web.FilterChainProxy.doFilter(FilterChainProxy.java:178)
	at org.springframework.web.filter.DelegatingFilterProxy.invokeDelegate(DelegatingFilterProxy.java:357)
	at org.springframework.web.filter.DelegatingFilterProxy.doFilter(DelegatingFilterProxy.java:270)
	at org.apache.catalina.core.ApplicationFilterChain.internalDoFilter(ApplicationFilterChain.java:193)
	at org.apache.catalina.core.ApplicationFilterChain.doFilter(ApplicationFilterChain.java:166)
	at org.springframework.web.filter.RequestContextFilter.doFilterInternal(RequestContextFilter.java:99)
	at org.springframework.web.filter.OncePerRequestFilter.doFilter(OncePerRequestFilter.java:118)
	at org.apache.catalina.core.ApplicationFilterChain.internalDoFilter(ApplicationFilterChain.java:193)
	at org.apache.catalina.core.ApplicationFilterChain.doFilter(ApplicationFilterChain.java:166)
	at org.springframework.web.filter.FormContentFilter.doFilterInternal(FormContentFilter.java:92)
	at org.springframework.web.filter.OncePerRequestFilter.doFilter(OncePerRequestFilter.java:118)
	at org.apache.catalina.core.ApplicationFilterChain.internalDoFilter(ApplicationFilterChain.java:193)
	at org.apache.catalina.core.ApplicationFilterChain.doFilter(ApplicationFilterChain.java:166)
	at org.springframework.web.filter.HiddenHttpMethodFilter.doFilterInternal(HiddenHttpMethodFilter.java:93)
	at org.springframework.web.filter.OncePerRequestFilter.doFilter(OncePerRequestFilter.java:118)
	at org.apache.catalina.core.ApplicationFilterChain.internalDoFilter(ApplicationFilterChain.java:193)
	at org.apache.catalina.core.ApplicationFilterChain.doFilter(ApplicationFilterChain.java:166)
	at org.springframework.boot.actuate.metrics.web.servlet.WebMvcMetricsFilter.filterAndRecordMetrics(WebMvcMetricsFilter.java:114)
	at org.springframework.boot.actuate.metrics.web.servlet.WebMvcMetricsFilter.doFilterInternal(WebMvcMetricsFilter.java:104)
	at org.springframework.web.filter.OncePerRequestFilter.doFilter(OncePerRequestFilter.java:118)
	at org.apache.catalina.core.ApplicationFilterChain.internalDoFilter(ApplicationFilterChain.java:193)
	at org.apache.catalina.core.ApplicationFilterChain.doFilter(ApplicationFilterChain.java:166)
	at org.springframework.web.filter.CharacterEncodingFilter.doFilterInternal(CharacterEncodingFilter.java:200)
	at org.springframework.web.filter.OncePerRequestFilter.doFilter(OncePerRequestFilter.java:118)
	at org.apache.catalina.core.ApplicationFilterChain.internalDoFilter(ApplicationFilterChain.java:193)
	at org.apache.catalina.core.ApplicationFilterChain.doFilter(ApplicationFilterChain.java:166)
	at org.apache.catalina.core.StandardWrapperValve.invoke(StandardWrapperValve.java:202)
	at org.apache.catalina.core.StandardContextValve.invoke(StandardContextValve.java:96)
	at org.apache.catalina.authenticator.AuthenticatorBase.invoke(AuthenticatorBase.java:490)
	at org.apache.catalina.core.StandardHostValve.invoke(StandardHostValve.java:139)
	at org.apache.catalina.valves.ErrorReportValve.invoke(ErrorReportValve.java:92)
	at org.apache.catalina.core.StandardEngineValve.invoke(StandardEngineValve.java:74)
	at org.apache.catalina.connector.CoyoteAdapter.service(CoyoteAdapter.java:343)
	at org.apache.coyote.http11.Http11Processor.service(Http11Processor.java:408)
	at org.apache.coyote.AbstractProcessorLight.process(AbstractProcessorLight.java:66)
	at org.apache.coyote.AbstractProtocol$ConnectionHandler.process(AbstractProtocol.java:853)
	at org.apache.tomcat.util.net.NioEndpoint$SocketProcessor.doRun(NioEndpoint.java:1587)
	at org.apache.tomcat.util.net.SocketProcessorBase.run(SocketProcessorBase.java:49)
	at java.base/java.util.concurrent.ThreadPoolExecutor.runWorker(ThreadPoolExecutor.java:1128)
	at java.base/java.util.concurrent.ThreadPoolExecutor$Worker.run(ThreadPoolExecutor.java:628)
	at org.apache.tomcat.util.threads.TaskThread$WrappingRunnable.run(TaskThread.java:61)
	at java.base/java.lang.Thread.run(Thread.java:829)
07:43:57.097 INFO  o.s.s.c.ThreadPoolTaskExecutor - Shutting down ExecutorService 'applicationTaskExecutor'
07:43:57.103 INFO  o.s.o.j.LocalContainerEntityManagerFactoryBean - Closing JPA EntityManagerFactory for persistence unit 'default'
07:43:57.108 INFO  com.zaxxer.hikari.HikariDataSource - HikariPool-1 - Shutdown initiated...
07:43:57.122 INFO  com.zaxxer.hikari.HikariDataSource - HikariPool-1 - Shutdown completed.
